==7340== Memcheck, a memory error detector
==7340== Copyright (C) 2002-2017, and GNU GPL'd, by Julian Seward et al.
==7340== Using Valgrind-3.18.1 and LibVEX; rerun with -h for copyright info
==7340== Command: /usr/bin/cat
==7340== Parent PID: 7338
==7340== ==7338== 
==7338== FILE DESCRIPTORS: 4 open (3 std) at exit.
==7338== Open file descriptor 3: /home/yroussea/Documents/minishell/memcheck.log
==7338==    <inherited from parent>
==7338== 
==7338== 
==7338== HEAP SUMMARY:
==7338==     in use at exit: 208,407 bytes in 222 blocks
==7338==   total heap usage: 3,535 allocs, 3,313 frees, 305,272 bytes allocated
==7338== 
==7338== LEAK SUMMARY:
==7338==    definitely lost: 0 bytes in 0 blocks
==7338==    indirectly lost: 0 bytes in 0 blocks
==7338==      possibly lost: 0 bytes in 0 blocks
==7338==    still reachable: 0 bytes in 0 blocks
==7338==         suppressed: 208,407 bytes in 222 blocks
==7338== 
==7338== For lists of detected and suppressed errors, rerun with: -s
==7338== ERROR SUMMARY: 0 errors from 0 contexts (suppressed: 0 from 0)
==7340==    definitely lost: 0 bytes in 0 blocks
==7340==    indirectly lost: 0 bytes in 0 blocks
==7340==      possibly lost: 0 bytes in 0 blocks
==7340==    still reachable: 0 bytes in 0 blocks
==7340==         suppressed: 139,213 bytes in 30 blocks
==7340== 
==7340== For lists of detected and suppressed errors, rerun with: -s
==7340== ERROR SUMMARY: 0 errors from 0 contexts (suppressed: 0 from 0)
